-------------------------------------------------------------------------------
>Log Session: Tuesday, March 24, 2020 at 12:43:51 PM Central European Standard Time
>System Info: 
  Product Version         = Apache NetBeans Platform 9.0 (Build incubator-netbeans-release-334-on-20180708)
  Operating System        = Windows 10 version 10.0 running on amd64
  Java; VM; Vendor        = 11.0.4; Java HotSpot(TM) 64-Bit Server VM 11.0.4+10-LTS; Oracle Corporation
  Runtime                 = Java(TM) SE Runtime Environment 11.0.4+10-LTS
  Java Home               = C:\Program Files\Java\jdk-11.0.4
  System Locale; Encoding = en_US (se04komlab05); Cp1252
  Home Directory          = C:\Users\sbang
  Current Directory       = C:\Repos\SE04\SE04_KOM\lab_05\SE04_KOM_lab_05\application\target\se04komlab05
  User Directory          = C:\Repos\SE04\SE04_KOM\lab_05\SE04_KOM_lab_05\application\target\userdir
  Cache Directory         = C:\Repos\SE04\SE04_KOM\lab_05\SE04_KOM_lab_05\application\target\userdir\var\cache
  Installation            = C:\Repos\SE04\SE04_KOM\lab_05\SE04_KOM_lab_05\application\target\se04komlab05\bin
                            C:\Repos\SE04\SE04_KOM\lab_05\SE04_KOM_lab_05\application\target\se04komlab05\etc
                            C:\Repos\SE04\SE04_KOM\lab_05\SE04_KOM_lab_05\application\target\se04komlab05\platform
                            C:\Repos\SE04\SE04_KOM\lab_05\SE04_KOM_lab_05\application\target\se04komlab05\se04komlab05
                            C:\Repos\SE04\SE04_KOM\lab_05\SE04_KOM_lab_05\application\target\se04komlab05\platform
  Boot & Ext. Classpath   = 
  Application Classpath   = C:\Repos\SE04\SE04_KOM\lab_05\SE04_KOM_lab_05\application\target\se04komlab05\platform\lib\boot.jar;C:\Repos\SE04\SE04_KOM\lab_05\SE04_KOM_lab_05\application\target\se04komlab05\platform\lib\org-openide-modules.jar;C:\Repos\SE04\SE04_KOM\lab_05\SE04_KOM_lab_05\application\target\se04komlab05\platform\lib\org-openide-util-lookup.jar;C:\Repos\SE04\SE04_KOM\lab_05\SE04_KOM_lab_05\application\target\se04komlab05\platform\lib\org-openide-util-ui.jar;C:\Repos\SE04\SE04_KOM\lab_05\SE04_KOM_lab_05\application\target\se04komlab05\platform\lib\org-openide-util.jar
  Startup Classpath       = C:\Repos\SE04\SE04_KOM\lab_05\SE04_KOM_lab_05\application\target\se04komlab05\platform\core\asm-all-5.0.1.jar;C:\Repos\SE04\SE04_KOM\lab_05\SE04_KOM_lab_05\application\target\se04komlab05\platform\core\core-base.jar;C:\Repos\SE04\SE04_KOM\lab_05\SE04_KOM_lab_05\application\target\se04komlab05\platform\core\core.jar;C:\Repos\SE04\SE04_KOM\lab_05\SE04_KOM_lab_05\application\target\se04komlab05\platform\core\org-netbeans-libs-asm.jar;C:\Repos\SE04\SE04_KOM\lab_05\SE04_KOM_lab_05\application\target\se04komlab05\platform\core\org-openide-filesystems.jar
-------------------------------------------------------------------------------
INFO [org.netbeans.core.startup.NbEvents]: Module patch or custom extension: C:\Repos\SE04\SE04_KOM\lab_05\SE04_KOM_lab_05\application\target\se04komlab05\..\..\..\SilentUpdate\target\classes
INFO [org.netbeans.core.modules]: Using file:/C:/Repos/SE04/SE04_KOM/lab_05/SE04_KOM_lab_05/application/target/se04komlab05/../../../SilentUpdate/target/classes/org/netbeans/modules/autoupdate/silentupdate/resources/layer.xml as layer for surgo.kom.SilentUpdate not jar:file:/C:/Repos/SE04/SE04_KOM/lab_05/SE04_KOM_lab_05/application/target/se04komlab05/se04komlab05/modules/surgo-kom-SilentUpdate.jar!/org/netbeans/modules/autoupdate/silentupdate/resources/layer.xml
INFO [org.netbeans.core.startup.NbEvents]: Turning on modules:
	org.openide.util.lookup [8.35.1 incubator-netbeans-release-334-on-20180708]
	org.openide.util [9.9.1 incubator-netbeans-release-334-on-20180708]
	org.openide.util.ui [9.9.1 incubator-netbeans-release-334-on-20180708]
	org.openide.modules [7.50.1 incubator-netbeans-release-334-on-20180708]
	org.netbeans.api.annotations.common/1 [1.29.1 incubator-netbeans-release-334-on-20180708]
	surgo.kom.common [1.0 1.0 202003241040]
	surgo.kom.weapon [1.0 1.0 202003241041]
	surgo.kom.player [1.0 1.0 202003241040]
	surgo.kom.enemy [1.0 1.0 202003241134]
	surgo.kom.core [1.0 1.0 202003241040]
	surgo.kom.asteroid [1.0 1.0 202003241041]
	org.netbeans.api.progress/1 [1.49.1 incubator-netbeans-release-334-on-20180708]
	org.openide.filesystems [9.12.1 incubator-netbeans-release-334-on-20180708]
	org.netbeans.libs.asm [5.5.1 incubator-netbeans-release-334-on-20180708]
	org.netbeans.bootstrap/1 [2.78.1 incubator-netbeans-release-334-on-20180708]
	org.netbeans.core.startup.base [1.64.1.1 1 incubator-netbeans-release-334-on-20180708]
	org.netbeans.core.startup/1 [1.64.1.1 incubator-netbeans-release-334-on-20180708]
	org.openide.awt [7.69.1 incubator-netbeans-release-334-on-20180708]
	org.netbeans.api.progress.nb [1.49.1 incubator-netbeans-release-334-on-20180708]
	org.netbeans.modules.autoupdate.services [1.54.1 incubator-netbeans-release-334-on-20180708]
	org.netbeans.api.intent [1.4.1 incubator-netbeans-release-334-on-20180708]
	org.netbeans.api.io [1.5.1 incubator-netbeans-release-334-on-20180708]
	org.openide.io [1.51.1 incubator-netbeans-release-334-on-20180708]
	surgo.kom.SilentUpdate [1.0 1.0 202003241040]
	org.netbeans.libs.osgi [1.23.1 incubator-netbeans-release-334-on-20180708]
	org.netbeans.core.netigso [1.33.1 incubator-netbeans-release-334-on-20180708]
	org.netbeans.modules.netbinox [1.43.1 incubator-netbeans-release-334-on-20180708]
INFO [org.netbeans.modules.autoupdate.silentupdate]: None for update/install/uninstall
INFO [null]: Last record repeated again.
INFO [null]: Last record repeated again.
